build/app/intermediates/manifest_merge_blame_file/debug/manifest-merger-blame-debug-report.txt
1<?xml version="1.0" encoding="utf-8"?>
2<manifest xmlns:android="http://schemas.android.com/apk/res/android"
3    package="com.example.food"
4    android:versionCode="1"
5    android:versionName="1.0.0" >
6
7    <uses-sdk
8        android:minSdkVersion="19"
9        android:targetSdkVersion="31" />
10    <!--
11         The INTERNET permission is required for development. Specifically,
12         the Flutter tool needs it to communicate with the running application
13         to allow setting breakpoints, to provide hot reload, etc.
14    -->
15    <uses-permission android:name="android.permission.INTERNET" />
15-->src/main/AndroidManifest.xml:3:5-67
15-->src/main/AndroidManifest.xml:3:22-64
16    <uses-permission android:name="android.permission.ACCESS_NETWORK_STATE" />
16-->[:connectivity_plus] AndroidManifest.xml:9:5-79
16-->[:connectivity_plus] AndroidManifest.xml:9:22-76
17    <uses-permission android:name="android.permission.WAKE_LOCK" />
17-->[com.google.android.gms:play-services-measurement-api:21.2.0] AndroidManifest.xml:24:5-68
17-->[com.google.android.gms:play-services-measurement-api:21.2.0] AndroidManifest.xml:24:22-65
18    <uses-permission android:name="com.google.android.gms.permission.AD_ID" />
18-->[com.google.android.gms:play-services-measurement-api:21.2.0] AndroidManifest.xml:25:5-79
18-->[com.google.android.gms:play-services-measurement-api:21.2.0] AndroidManifest.xml:25:22-76
19    <uses-permission android:name="com.google.android.finsky.permission.BIND_GET_INSTALL_REFERRER_SERVICE" />
19-->[com.google.android.gms:play-services-measurement:21.2.0] AndroidManifest.xml:26:5-110
19-->[com.google.android.gms:play-services-measurement:21.2.0] AndroidManifest.xml:26:22-107
20
21    <application
22        android:name="android.app.Application"
23        android:appComponentFactory="androidx.core.app.CoreComponentFactory"
23-->[androidx.core:core:1.8.0] AndroidManifest.xml:24:18-86
24        android:debuggable="true"
25        android:icon="@mipmap/ic_launcher"
26        android:label="food" >
27        <activity
28            android:name="com.example.food.MainActivity"
29            android:configChanges="orientation|keyboardHidden|keyboard|screenSize|smallestScreenSize|locale|layoutDirection|fontScale|screenLayout|density|uiMode"
30            android:exported="true"
31            android:hardwareAccelerated="true"
32            android:launchMode="singleTop"
33            android:theme="@style/LaunchTheme"
34            android:windowSoftInputMode="adjustResize" >
35
36            <!--
37                 Specifies an Android theme to apply to this Activity as soon as
38                 the Android process has started. This theme is visible to the user
39                 while the Flutter UI initializes. After that, this theme continues
40                 to determine the Window background behind the Flutter UI.
41            -->
42            <meta-data
43                android:name="io.flutter.embedding.android.NormalTheme"
44                android:resource="@style/NormalTheme" />
45
46            <intent-filter>
47                <action android:name="android.intent.action.MAIN" />
48
49                <category android:name="android.intent.category.LAUNCHER" />
50            </intent-filter>
51        </activity>
52        <!--
53             Don't delete the meta-data below.
54             This is used by the Flutter tool to generate GeneratedPluginRegistrant.java
55        -->
56        <meta-data
57            android:name="flutterEmbedding"
58            android:value="2" />
59
60        <provider
60-->[:flutter_email_sender] AndroidManifest.xml:10:9-18:20
61            android:name="com.sidlatau.flutteremailsender.FlutterEmailSenderFileProvider"
61-->[:flutter_email_sender] AndroidManifest.xml:11:13-90
62            android:authorities="com.example.food.file_provider"
62-->[:flutter_email_sender] AndroidManifest.xml:12:13-65
63            android:exported="false"
63-->[:flutter_email_sender] AndroidManifest.xml:13:13-37
64            android:grantUriPermissions="true" >
64-->[:flutter_email_sender] AndroidManifest.xml:14:13-47
65            <meta-data
65-->[:flutter_email_sender] AndroidManifest.xml:15:13-17:61
66                android:name="android.support.FILE_PROVIDER_PATHS"
66-->[:flutter_email_sender] AndroidManifest.xml:16:17-67
67                android:resource="@xml/shared_file_paths" />
67-->[:flutter_email_sender] AndroidManifest.xml:17:17-58
68        </provider>
69
70        <service
70-->[com.google.firebase:firebase-analytics-ktx:21.2.0] AndroidManifest.xml:8:9-14:19
71            android:name="com.google.firebase.components.ComponentDiscoveryService"
71-->[com.google.firebase:firebase-analytics-ktx:21.2.0] AndroidManifest.xml:9:13-84
72            android:directBootAware="true"
72-->[com.google.firebase:firebase-common:20.3.0] AndroidManifest.xml:34:13-43
73            android:exported="false" >
73-->[com.google.firebase:firebase-analytics-ktx:21.2.0] AndroidManifest.xml:10:13-37
74            <meta-data
74-->[com.google.firebase:firebase-analytics-ktx:21.2.0] AndroidManifest.xml:11:13-13:85
75                android:name="com.google.firebase.components:com.google.firebase.analytics.ktx.FirebaseAnalyticsKtxRegistrar"
75-->[com.google.firebase:firebase-analytics-ktx:21.2.0] AndroidManifest.xml:12:17-126
76                android:value="com.google.firebase.components.ComponentRegistrar" />
76-->[com.google.firebase:firebase-analytics-ktx:21.2.0] AndroidManifest.xml:13:17-82
77            <meta-data
77-->[com.google.firebase:firebase-common-ktx:20.3.0] AndroidManifest.xml:14:13-16:85
78                android:name="com.google.firebase.components:com.google.firebase.ktx.FirebaseCommonKtxRegistrar"
78-->[com.google.firebase:firebase-common-ktx:20.3.0] AndroidManifest.xml:15:17-113
79                android:value="com.google.firebase.components.ComponentRegistrar" />
79-->[com.google.firebase:firebase-common-ktx:20.3.0] AndroidManifest.xml:16:17-82
80            <meta-data
80-->[com.google.android.gms:play-services-measurement-api:21.2.0] AndroidManifest.xml:31:13-33:85
81                android:name="com.google.firebase.components:com.google.firebase.analytics.connector.internal.AnalyticsConnectorRegistrar"
81-->[com.google.android.gms:play-services-measurement-api:21.2.0] AndroidManifest.xml:32:17-139
82                android:value="com.google.firebase.components.ComponentRegistrar" />
82-->[com.google.android.gms:play-services-measurement-api:21.2.0] AndroidManifest.xml:33:17-82
83            <meta-data
83-->[com.google.firebase:firebase-installations:17.1.0] AndroidManifest.xml:17:13-19:85
84                android:name="com.google.firebase.components:com.google.firebase.installations.FirebaseInstallationsRegistrar"
84-->[com.google.firebase:firebase-installations:17.1.0] AndroidManifest.xml:18:17-127
85                android:value="com.google.firebase.components.ComponentRegistrar" />
85-->[com.google.firebase:firebase-installations:17.1.0] AndroidManifest.xml:19:17-82
86        </service>
87
88        <activity
88-->[com.google.android.gms:play-services-auth:20.4.1] AndroidManifest.xml:23:9-27:75
89            android:name="com.google.android.gms.auth.api.signin.internal.SignInHubActivity"
89-->[com.google.android.gms:play-services-auth:20.4.1] AndroidManifest.xml:24:13-93
90            android:excludeFromRecents="true"
90-->[com.google.android.gms:play-services-auth:20.4.1] AndroidManifest.xml:25:13-46
91            android:exported="false"
91-->[com.google.android.gms:play-services-auth:20.4.1] AndroidManifest.xml:26:13-37
92            android:theme="@android:style/Theme.Translucent.NoTitleBar" />
92-->[com.google.android.gms:play-services-auth:20.4.1] AndroidManifest.xml:27:13-72
93        <!--
94            Service handling Google Sign-In user revocation. For apps that do not integrate with
95            Google Sign-In, this service will never be started.
96        -->
97        <service
97-->[com.google.android.gms:play-services-auth:20.4.1] AndroidManifest.xml:33:9-37:51
98            android:name="com.google.android.gms.auth.api.signin.RevocationBoundService"
98-->[com.google.android.gms:play-services-auth:20.4.1] AndroidManifest.xml:34:13-89
99            android:exported="true"
99-->[com.google.android.gms:play-services-auth:20.4.1] AndroidManifest.xml:35:13-36
100            android:permission="com.google.android.gms.auth.api.signin.permission.REVOCATION_NOTIFICATION"
100-->[com.google.android.gms:play-services-auth:20.4.1] AndroidManifest.xml:36:13-107
101            android:visibleToInstantApps="true" />
101-->[com.google.android.gms:play-services-auth:20.4.1] AndroidManifest.xml:37:13-48
102
103        <activity
103-->[com.google.android.gms:play-services-base:18.0.1] AndroidManifest.xml:20:9-22:45
104            android:name="com.google.android.gms.common.api.GoogleApiActivity"
104-->[com.google.android.gms:play-services-base:18.0.1] AndroidManifest.xml:20:19-85
105            android:exported="false"
105-->[com.google.android.gms:play-services-base:18.0.1] AndroidManifest.xml:22:19-43
106            android:theme="@android:style/Theme.Translucent.NoTitleBar" />
106-->[com.google.android.gms:play-services-base:18.0.1] AndroidManifest.xml:21:19-78
107
108        <provider
108-->[com.google.firebase:firebase-common:20.3.0] AndroidManifest.xml:25:9-30:39
109            android:name="com.google.firebase.provider.FirebaseInitProvider"
109-->[com.google.firebase:firebase-common:20.3.0] AndroidManifest.xml:26:13-77
110            android:authorities="com.example.food.firebaseinitprovider"
110-->[com.google.firebase:firebase-common:20.3.0] AndroidManifest.xml:27:13-72
111            android:directBootAware="true"
111-->[com.google.firebase:firebase-common:20.3.0] AndroidManifest.xml:28:13-43
112            android:exported="false"
112-->[com.google.firebase:firebase-common:20.3.0] AndroidManifest.xml:29:13-37
113            android:initOrder="100" />
113-->[com.google.firebase:firebase-common:20.3.0] AndroidManifest.xml:30:13-36
114
115        <receiver
115-->[com.google.android.gms:play-services-measurement:21.2.0] AndroidManifest.xml:29:9-33:20
116            android:name="com.google.android.gms.measurement.AppMeasurementReceiver"
116-->[com.google.android.gms:play-services-measurement:21.2.0] AndroidManifest.xml:30:13-85
117            android:enabled="true"
117-->[com.google.android.gms:play-services-measurement:21.2.0] AndroidManifest.xml:31:13-35
118            android:exported="false" >
118-->[com.google.android.gms:play-services-measurement:21.2.0] AndroidManifest.xml:32:13-37
119        </receiver>
120
121        <service
121-->[com.google.android.gms:play-services-measurement:21.2.0] AndroidManifest.xml:35:9-38:40
122            android:name="com.google.android.gms.measurement.AppMeasurementService"
122-->[com.google.android.gms:play-services-measurement:21.2.0] AndroidManifest.xml:36:13-84
123            android:enabled="true"
123-->[com.google.android.gms:play-services-measurement:21.2.0] AndroidManifest.xml:37:13-35
124            android:exported="false" />
124-->[com.google.android.gms:play-services-measurement:21.2.0] AndroidManifest.xml:38:13-37
125        <service
125-->[com.google.android.gms:play-services-measurement:21.2.0] AndroidManifest.xml:39:9-43:72
126            android:name="com.google.android.gms.measurement.AppMeasurementJobService"
126-->[com.google.android.gms:play-services-measurement:21.2.0] AndroidManifest.xml:40:13-87
127            android:enabled="true"
127-->[com.google.android.gms:play-services-measurement:21.2.0] AndroidManifest.xml:41:13-35
128            android:exported="false"
128-->[com.google.android.gms:play-services-measurement:21.2.0] AndroidManifest.xml:42:13-37
129            android:permission="android.permission.BIND_JOB_SERVICE" />
129-->[com.google.android.gms:play-services-measurement:21.2.0] AndroidManifest.xml:43:13-69
130
131        <meta-data
131-->[com.google.android.gms:play-services-basement:18.1.0] AndroidManifest.xml:21:9-23:69
132            android:name="com.google.android.gms.version"
132-->[com.google.android.gms:play-services-basement:18.1.0] AndroidManifest.xml:22:13-58
133            android:value="@integer/google_play_services_version" />
133-->[com.google.android.gms:play-services-basement:18.1.0] AndroidManifest.xml:23:13-66
134
135        <uses-library
135-->[androidx.window:window:1.0.0-beta04] AndroidManifest.xml:25:9-27:40
136            android:name="androidx.window.extensions"
136-->[androidx.window:window:1.0.0-beta04] AndroidManifest.xml:26:13-54
137            android:required="false" />
137-->[androidx.window:window:1.0.0-beta04] AndroidManifest.xml:27:13-37
138        <uses-library
138-->[androidx.window:window:1.0.0-beta04] AndroidManifest.xml:28:9-30:40
139            android:name="androidx.window.sidecar"
139-->[androidx.window:window:1.0.0-beta04] AndroidManifest.xml:29:13-51
140            android:required="false" />
140-->[androidx.window:window:1.0.0-beta04] AndroidManifest.xml:30:13-37
141
142        <provider
142-->[androidx.emoji2:emoji2:1.2.0] AndroidManifest.xml:24:9-32:20
143            android:name="androidx.startup.InitializationProvider"
143-->[androidx.emoji2:emoji2:1.2.0] AndroidManifest.xml:25:13-67
144            android:authorities="com.example.food.androidx-startup"
144-->[androidx.emoji2:emoji2:1.2.0] AndroidManifest.xml:26:13-68
145            android:exported="false" >
145-->[androidx.emoji2:emoji2:1.2.0] AndroidManifest.xml:27:13-37
146            <meta-data
146-->[androidx.emoji2:emoji2:1.2.0] AndroidManifest.xml:29:13-31:52
147                android:name="androidx.emoji2.text.EmojiCompatInitializer"
147-->[androidx.emoji2:emoji2:1.2.0] AndroidManifest.xml:30:17-75
148                android:value="androidx.startup" />
148-->[androidx.emoji2:emoji2:1.2.0] AndroidManifest.xml:31:17-49
149            <meta-data
149-->[androidx.lifecycle:lifecycle-process:2.4.1] AndroidManifest.xml:31:13-33:52
150                android:name="androidx.lifecycle.ProcessLifecycleInitializer"
150-->[androidx.lifecycle:lifecycle-process:2.4.1] AndroidManifest.xml:32:17-78
151                android:value="androidx.startup" />
151-->[androidx.lifecycle:lifecycle-process:2.4.1] AndroidManifest.xml:33:17-49
152        </provider>
153    </application>
154
155</manifest>